<?xml version="1.0" encoding="UTF-8"?>
<testng-results ignored="0" total="1" passed="1" failed="0" skipped="0">
  <reporter-output>
  </reporter-output>
  <suite started-at="2024-07-20T22:08:36 IST" name="SeleniumTest" finished-at="2024-07-20T22:08:41 IST" duration-ms="5198">
    <groups>
    </groups>
    <test started-at="2024-07-20T22:08:36 IST" name="Command line test" finished-at="2024-07-20T22:08:41 IST" duration-ms="5198">
      <class name="SeleniumTest">
        <test-method is-config="true" signature="Setup()[pri:0, instance:SeleniumTest@79d8407f]" started-at="2024-07-20T22:08:36 IST" name="Setup" finished-at="2024-07-20T22:08:38 IST" duration-ms="2279" status="PASS">
          <reporter-output>
          </reporter-output>
        </test-method> <!-- Setup -->
        <test-method signature="teststeps()[pri:0, instance:SeleniumTest@79d8407f]" started-at="2024-07-20T22:08:38 IST" name="teststeps" finished-at="2024-07-20T22:08:41 IST" duration-ms="2880" status="PASS">
          <reporter-output>
          </reporter-output>
        </test-method> <!-- teststeps -->
      </class> <!-- SeleniumTest -->
    </test> <!-- Command line test -->
  </suite> <!-- SeleniumTest -->
</testng-results>
